<?xml version="1.0" encoding="UTF-8"?>
<!-- Generated by org.testng.reporters.JUnitReportReporter -->
<testsuite skipped="0" hostname="LAPTOP-FI3H6DUE" name="org.ebay.Ebay" tests="3" failures="0" timestamp="03 Feb 2021 10:44:14 GMT" time="6.579" errors="0">
  <testcase name="test" time="4.608" classname="org.ebay.Ebay"/>
  <testcase name="test2" time="1.561" classname="org.ebay.Ebay"/>
  <testcase name="test1" time="0.410" classname="org.ebay.Ebay"/>
</testsuite> <!-- org.ebay.Ebay -->
